<?xml version="1.0" encoding="UTF-8"?>
<testng-results skipped="0" failed="0" ignored="0" total="1" passed="1">
  <reporter-output>
  </reporter-output>
  <suite name="Main Test Suite" duration-ms="37360" started-at="2020-11-01T19:27:17Z" finished-at="2020-11-01T19:27:55Z">
    <groups>
      <group name="cucumber">
        <method signature="MainRunner.feature(cucumber.api.testng.CucumberFeatureWrapper)[pri:0, instance:execution.MainRunner@73ad2d6]" name="feature" class="execution.MainRunner"/>
      </group> <!-- cucumber -->
    </groups>
    <test name="Pesquisar Medicos - Guia Medico" duration-ms="37360" started-at="2020-11-01T19:27:17Z" finished-at="2020-11-01T19:27:55Z">
      <class name="execution.MainRunner">
        <test-method status="PASS" signature="setUpClass()[pri:0, instance:execution.MainRunner@73ad2d6]" name="setUpClass" is-config="true" duration-ms="173" started-at="2020-11-01T19:27:17Z" finished-at="2020-11-01T19:27:17Z">
          <reporter-output>
          </reporter-output>
        </test-method> <!-- setUpClass -->
        <test-method status="PASS" signature="feature(cucumber.api.testng.CucumberFeatureWrapper)[pri:0, instance:execution.MainRunner@73ad2d6]" name="feature" duration-ms="37099" started-at="2020-11-01T19:27:17Z" description="Runs Cucumber Feature" data-provider="features" finished-at="2020-11-01T19:27:55Z">
          <params>
            <param index="0">
              <value>
                <![CDATA[guia medico para a listagem de profissionais separados por área de atuação, nome e localidade.]]>
              </value>
            </param>
          </params>
          <reporter-output>
          </reporter-output>
        </test-method> <!-- feature -->
        <test-method status="PASS" signature="tearDownClass()[pri:0, instance:execution.MainRunner@73ad2d6]" name="tearDownClass" is-config="true" duration-ms="6" started-at="2020-11-01T19:27:55Z" finished-at="2020-11-01T19:27:55Z">
          <reporter-output>
          </reporter-output>
        </test-method> <!-- tearDownClass -->
      </class> <!-- execution.MainRunner -->
    </test> <!-- Pesquisar Medicos - Guia Medico -->
  </suite> <!-- Main Test Suite -->
</testng-results>
