<?xml version="1.0" encoding="UTF-8"?>
<testng-results skipped="0" failed="0" ignored="0" total="2" passed="2">
  <reporter-output>
  </reporter-output>
  <suite name="Default suite" duration-ms="1134" started-at="2020-11-01T21:02:48Z" finished-at="2020-11-01T21:02:49Z">
    <groups>
    </groups>
    <test name="Default test" duration-ms="1134" started-at="2020-11-01T21:02:48Z" finished-at="2020-11-01T21:02:49Z">
      <class name="ApiTest">
        <test-method status="PASS" signature="omdbApiTest()[pri:0, instance:ApiTest@780cb77]" name="omdbApiTest" duration-ms="1043" started-at="2020-11-01T18:02:48Z" finished-at="2020-11-01T18:02:49Z">
          <reporter-output>
          </reporter-output>
        </test-method> <!-- omdbApiTest -->
        <test-method status="PASS" signature="omdbApiTestNoMovie()[pri:0, instance:ApiTest@780cb77]" name="omdbApiTestNoMovie" duration-ms="77" started-at="2020-11-01T18:02:49Z" finished-at="2020-11-01T18:02:49Z">
          <reporter-output>
          </reporter-output>
        </test-method> <!-- omdbApiTestNoMovie -->
      </class> <!-- ApiTest -->
    </test> <!-- Default test -->
  </suite> <!-- Default suite -->
</testng-results>
